<?xml version="1.0" encoding="UTF-8"?>
<testng-results skipped="0" failed="0" ignored="0" total="1" passed="1">
  <reporter-output>
  </reporter-output>
  <suite name="Suite" duration-ms="64" started-at="2018-12-14T10:01:24Z" finished-at="2018-12-14T10:01:24Z">
    <groups>
    </groups>
    <test name="Test" duration-ms="64" started-at="2018-12-14T10:01:24Z" finished-at="2018-12-14T10:01:24Z">
      <class name="testing.Maven_project.basic">
        <test-method status="PASS" signature="a()[pri:0, instance:testing.Maven_project.basic@64616ca2]" name="a" duration-ms="21" started-at="2018-12-14T10:01:24Z" finished-at="2018-12-14T10:01:24Z">
          <reporter-output>
          </reporter-output>
        </test-method> <!-- a -->
      </class> <!-- testing.Maven_project.basic -->
    </test> <!-- Test -->
  </suite> <!-- Suite -->
</testng-results>
